2022-11-12 16:00:54 DEBUG - Using Log4J2 as the default logging framework
2022-11-12 16:00:54 DEBUG - -Dio.netty.leakDetection.level: simple
2022-11-12 16:00:54 DEBUG - -Dio.netty.leakDetection.targetRecords: 4
2022-11-12 16:00:54 DEBUG - Loaded default ResourceLeakDetector: io.netty.util.ResourceLeakDetector@4fb56bea
2022-11-12 16:00:54 DEBUG - -Dio.netty.noUnsafe: false
2022-11-12 16:00:54 DEBUG - Java version: 17
2022-11-12 16:00:54 DEBUG - sun.misc.Unsafe.theUnsafe: available
2022-11-12 16:00:54 DEBUG - sun.misc.Unsafe.copyMemory: available
2022-11-12 16:00:54 DEBUG - sun.misc.Unsafe.storeFence: available
2022-11-12 16:00:54 DEBUG - java.nio.Buffer.address: available
2022-11-12 16:00:54 DEBUG - direct buffer constructor: unavailable: Reflective setAccessible(true) disabled
2022-11-12 16:00:54 DEBUG - java.nio.Bits.unaligned: available, true
2022-11-12 16:00:54 DEBUG - jdk.internal.misc.Unsafe.allocateUninitializedArray(int): unavailable: class io.netty.util.internal.PlatformDependent0$7 cannot access class jdk.internal.misc.Unsafe (in module java.base) because module java.base does not export jdk.internal.misc to unnamed module @2f8f5f62
2022-11-12 16:00:54 DEBUG - java.nio.DirectByteBuffer.<init>(long, int): unavailable
2022-11-12 16:00:54 DEBUG - sun.misc.Unsafe: available
2022-11-12 16:00:54 DEBUG - maxDirectMemory: 4037017600 bytes (maybe)
2022-11-12 16:00:54 DEBUG - -Dio.netty.tmpdir: /tmp (java.io.tmpdir)
2022-11-12 16:00:54 DEBUG - -Dio.netty.bitMode: 64 (sun.arch.data.model)
2022-11-12 16:00:54 DEBUG - -Dio.netty.maxDirectMemory: -1 bytes
2022-11-12 16:00:54 DEBUG - -Dio.netty.uninitializedArrayAllocationThreshold: -1
2022-11-12 16:00:54 DEBUG - java.nio.ByteBuffer.cleaner(): available
2022-11-12 16:00:54 DEBUG - -Dio.netty.noPreferDirect: false
2022-11-12 16:00:54 DEBUG - org.jctools-core.MpscChunkedArrayQueue: available
2022-11-12 16:00:54 DEBUG - -Dio.netty.threadLocalMap.stringBuilder.initialSize: 1024
2022-11-12 16:00:54 DEBUG - -Dio.netty.threadLocalMap.stringBuilder.maxSize: 4096
2022-11-12 16:00:54 DEBUG - Default protocols (JDK): [TLSv1.3, TLSv1.2] 
2022-11-12 16:00:54 DEBUG - Default cipher suites (JDK): [TLS_ECDHE_ECDSA_WITH_AES_256_GCM_SHA384, TLS_ECDHE_ECDSA_WITH_AES_128_GCM_SHA256, TLS_ECDHE_RSA_WITH_AES_128_GCM_SHA256, TLS_ECDHE_RSA_WITH_AES_256_GCM_SHA384, TLS_ECDHE_RSA_WITH_AES_128_CBC_SHA, TLS_ECDHE_RSA_WITH_AES_256_CBC_SHA, TLS_RSA_WITH_AES_128_GCM_SHA256, TLS_RSA_WITH_AES_128_CBC_SHA, TLS_RSA_WITH_AES_256_CBC_SHA, TLS_AES_128_GCM_SHA256, TLS_AES_256_GCM_SHA384]
2022-11-12 16:00:54 DEBUG - -Dio.netty.eventLoopThreads: 32
2022-11-12 16:00:54 DEBUG - -Dio.netty.noKeySetOptimization: false
2022-11-12 16:00:54 DEBUG - -Dio.netty.selectorAutoRebuildThreshold: 512
2022-11-12 16:00:54 DEBUG - -Dio.netty.allocator.numHeapArenas: 32
2022-11-12 16:00:54 DEBUG - -Dio.netty.allocator.numDirectArenas: 32
2022-11-12 16:00:54 DEBUG - -Dio.netty.allocator.pageSize: 8192
2022-11-12 16:00:54 DEBUG - -Dio.netty.allocator.maxOrder: 9
2022-11-12 16:00:54 DEBUG - -Dio.netty.allocator.chunkSize: 4194304
2022-11-12 16:00:54 DEBUG - -Dio.netty.allocator.smallCacheSize: 256
2022-11-12 16:00:54 DEBUG - -Dio.netty.allocator.normalCacheSize: 64
2022-11-12 16:00:54 DEBUG - -Dio.netty.allocator.maxCachedBufferCapacity: 32768
2022-11-12 16:00:54 DEBUG - -Dio.netty.allocator.cacheTrimInterval: 8192
2022-11-12 16:00:54 DEBUG - -Dio.netty.allocator.cacheTrimIntervalMillis: 0
2022-11-12 16:00:54 DEBUG - -Dio.netty.allocator.useCacheForAllThreads: false
2022-11-12 16:00:54 DEBUG - -Dio.netty.allocator.maxCachedByteBuffersPerChunk: 1023
2022-11-12 16:00:54 DEBUG - -Dio.netty.allocator.type: pooled
2022-11-12 16:00:54 DEBUG - -Dio.netty.threadLocalDirectBufferSize: 0
2022-11-12 16:00:54 DEBUG - -Dio.netty.maxThreadLocalCharBufferSize: 16384
2022-11-12 16:00:54 DEBUG - -Dio.netty.processId: 76188 (auto-detected)
2022-11-12 16:00:54 DEBUG - -Djava.net.preferIPv4Stack: false
2022-11-12 16:00:54 DEBUG - -Djava.net.preferIPv6Addresses: false
2022-11-12 16:00:54 DEBUG - Loopback interface: lo (lo, 0:0:0:0:0:0:0:1%lo)
2022-11-12 16:00:54 DEBUG - /proc/sys/net/core/somaxconn: 4096
2022-11-12 16:00:54 DEBUG - -Dio.netty.machineId: 48:e7:da:ff:fe:5d:a8:3f (auto-detected)
2022-11-12 16:00:54 DEBUG - -Dio.netty.buffer.checkAccessible: true
2022-11-12 16:00:54 DEBUG - -Dio.netty.buffer.checkBounds: true
2022-11-12 16:00:54 DEBUG - Loaded default ResourceLeakDetector: io.netty.util.ResourceLeakDetector@685d5d1e
2022-11-12 16:00:54 DEBUG - -Dio.netty.recycler.maxCapacityPerThread: 4096
2022-11-12 16:00:54 DEBUG - -Dio.netty.recycler.ratio: 8
2022-11-12 16:00:54 DEBUG - -Dio.netty.recycler.chunkSize: 32
2022-11-12 16:00:54 DEBUG - -Dio.netty.recycler.blocking: false
2022-11-12 16:00:55 DEBUG - brotli4j not in the classpath; Brotli support will be unavailable.
2022-11-12 16:00:55 DEBUG - -Dio.netty.initialSeedUniquifier: 0x7cdeb6d5041e725b
2022-11-12 16:00:55 INFO  - step 1: Login website with existing user
